Added Component: Designator=ANT1(ANT_IFA_USB_2_4GHZ_50R)
Add component (AddParameter): Name = "ComponentLink1Description"; Value = "Datasheet"; VariantName = "[No Variations]"
Add component (AddParameter): Name = "ComponentLink1URL"; Value = "https://www.ti.com/lit/an/swra117d/swra117d.pdf"; VariantName = "[No Variations]"
Added Component: Designator=C1(CAP_0603)
Add component (AddParameter): Name = "LCSC"; Value = "C19702"; VariantName = "[No Variations]"
Add component (AddParameter): Name = "Manufacturer"; Value = "Samsung"; VariantName = "[No Variations]"
Add component (AddParameter): Name = "Manufacturer Part Number"; Value = "CL10A106KP8NNNC"; VariantName = "[No Variations]"
Added Component: Designator=C2(CAP_0603)
Add component (AddParameter): Name = "LCSC"; Value = "C19702"; VariantName = "[No Variations]"
Add component (AddParameter): Name = "Manufacturer"; Value = "Samsung"; VariantName = "[No Variations]"
Add component (AddParameter): Name = "Manufacturer Part Number"; Value = "CL10A106KP8NNNC"; VariantName = "[No Variations]"
Added Component: Designator=C3(CAP_0402)
Add component (AddParameter): Name = "LCSC"; Value = "C1525"; VariantName = "[No Variations]"
Add component (AddParameter): Name = "Manufacturer"; Value = "Samsung"; VariantName = "[No Variations]"
Add component (AddParameter): Name = "Manufacturer Part Number"; Value = "CL05B104KO5NNNC"; VariantName = "[No Variations]"
Added Component: Designator=C4(CAP_0402)
Add component (AddParameter): Name = "LCSC"; Value = "C1525"; VariantName = "[No Variations]"
Add component (AddParameter): Name = "Manufacturer"; Value = "Samsung"; VariantName = "[No Variations]"
Add component (AddParameter): Name = "Manufacturer Part Number"; Value = "CL05B104KO5NNNC"; VariantName = "[No Variations]"
Added Component: Designator=C5(CAP_0402)
Add component (AddParameter): Name = "LCSC"; Value = "C1525"; VariantName = "[No Variations]"
Add component (AddParameter): Name = "Manufacturer"; Value = "Samsung"; VariantName = "[No Variations]"
Add component (AddParameter): Name = "Manufacturer Part Number"; Value = "CL05B104KO5NNNC"; VariantName = "[No Variations]"
Added Component: Designator=C6(CAP_0402)
Add component (AddParameter): Name = "LCSC"; Value = "C1525"; VariantName = "[No Variations]"
Add component (AddParameter): Name = "Manufacturer"; Value = "Samsung"; VariantName = "[No Variations]"
Add component (AddParameter): Name = "Manufacturer Part Number"; Value = "CL05B104KO5NNNC"; VariantName = "[No Variations]"
Added Component: Designator=C7(CAP_0402)
Add component (AddParameter): Name = "LCSC"; Value = "C1525"; VariantName = "[No Variations]"
Add component (AddParameter): Name = "Manufacturer"; Value = "Samsung"; VariantName = "[No Variations]"
Add component (AddParameter): Name = "Manufacturer Part Number"; Value = "CL05B104KO5NNNC"; VariantName = "[No Variations]"
Added Component: Designator=C8(CAP_0603)
Add component (AddParameter): Name = "LCSC"; Value = "C19702"; VariantName = "[No Variations]"
Add component (AddParameter): Name = "Manufacturer"; Value = "Samsung"; VariantName = "[No Variations]"
Add component (AddParameter): Name = "Manufacturer Part Number"; Value = "CL10A106KP8NNNC"; VariantName = "[No Variations]"
Added Component: Designator=C9(CAP_0402)
Add component (AddParameter): Name = "LCSC"; Value = "C1525"; VariantName = "[No Variations]"
Add component (AddParameter): Name = "Manufacturer"; Value = "Samsung"; VariantName = "[No Variations]"
Add component (AddParameter): Name = "Manufacturer Part Number"; Value = "CL05B104KO5NNNC"; VariantName = "[No Variations]"
Added Component: Designator=C10(CAP_0402)
Add component (AddParameter): Name = "LCSC"; Value = "C1565"; VariantName = "[No Variations]"
Add component (AddParameter): Name = "Manufacturer"; Value = "FH"; VariantName = "[No Variations]"
Add component (AddParameter): Name = "Manufacturer Part Number"; Value = "0402CG3R3C500NT"; VariantName = "[No Variations]"
Added Component: Designator=C11(CAP_0402)
Add component (AddParameter): Name = "LCSC"; Value = "C1565"; VariantName = "[No Variations]"
Add component (AddParameter): Name = "Manufacturer"; Value = "FH"; VariantName = "[No Variations]"
Add component (AddParameter): Name = "Manufacturer Part Number"; Value = "0402CG3R3C500NT"; VariantName = "[No Variations]"
Added Component: Designator=C12(CAP_0402)
Add component (AddParameter): Name = "LCSC"; Value = "C32949"; VariantName = "[No Variations]"
Add component (AddParameter): Name = "Manufacturer"; Value = "Samsung"; VariantName = "[No Variations]"
Add component (AddParameter): Name = "Manufacturer Part Number"; Value = "CL05C100JB5NNNC"; VariantName = "[No Variations]"
Added Component: Designator=C13(CAP_0402)
Add component (AddParameter): Name = "LCSC"; Value = "C32949"; VariantName = "[No Variations]"
Add component (AddParameter): Name = "Manufacturer"; Value = "Samsung"; VariantName = "[No Variations]"
Add component (AddParameter): Name = "Manufacturer Part Number"; Value = "CL05C100JB5NNNC"; VariantName = "[No Variations]"
Added Component: Designator=C14(CAP_0402)
Add component (AddParameter): Name = "LCSC"; Value = "C1525"; VariantName = "[No Variations]"
Add component (AddParameter): Name = "Manufacturer"; Value = "Samsung"; VariantName = "[No Variations]"
Add component (AddParameter): Name = "Manufacturer Part Number"; Value = "CL05B104KO5NNNC"; VariantName = "[No Variations]"
Added Component: Designator=C15(CAP_0402)
Add component (AddParameter): Name = "LCSC"; Value = "C1525"; VariantName = "[No Variations]"
Add component (AddParameter): Name = "Manufacturer"; Value = "Samsung"; VariantName = "[No Variations]"
Add component (AddParameter): Name = "Manufacturer Part Number"; Value = "CL05B104KO5NNNC"; VariantName = "[No Variations]"
Added Component: Designator=C16(CAP_0402)
Add component (AddParameter): Name = "LCSC"; Value = "C1525"; VariantName = "[No Variations]"
Add component (AddParameter): Name = "Manufacturer"; Value = "Samsung"; VariantName = "[No Variations]"
Add component (AddParameter): Name = "Manufacturer Part Number"; Value = "CL05B104KO5NNNC"; VariantName = "[No Variations]"
Added Component: Designator=C17(CAP_0603)
Add component (AddParameter): Name = "LCSC"; Value = "C19702"; VariantName = "[No Variations]"
Add component (AddParameter): Name = "Manufacturer"; Value = "Samsung"; VariantName = "[No Variations]"
Add component (AddParameter): Name = "Manufacturer Part Number"; Value = "CL10A106KP8NNNC"; VariantName = "[No Variations]"
Added Component: Designator=C18(CAP_0603)
Add component (AddParameter): Name = "LCSC"; Value = "C19702"; VariantName = "[No Variations]"
Add component (AddParameter): Name = "Manufacturer"; Value = "Samsung"; VariantName = "[No Variations]"
Add component (AddParameter): Name = "Manufacturer Part Number"; Value = "CL10A106KP8NNNC"; VariantName = "[No Variations]"
Added Component: Designator=C19(CAP_0402)
Add component (AddParameter): Name = "LCSC"; Value = "C1525"; VariantName = "[No Variations]"
Add component (AddParameter): Name = "Manufacturer"; Value = "Samsung"; VariantName = "[No Variations]"
Add component (AddParameter): Name = "Manufacturer Part Number"; Value = "CL05B104KO5NNNC"; VariantName = "[No Variations]"
Added Component: Designator=C20(CAP_0402)
Add component (AddParameter): Name = "LCSC"; Value = "C1525"; VariantName = "[No Variations]"
Add component (AddParameter): Name = "Manufacturer"; Value = "Samsung"; VariantName = "[No Variations]"
Add component (AddParameter): Name = "Manufacturer Part Number"; Value = "CL05B104KO5NNNC"; VariantName = "[No Variations]"
Added Component: Designator=D1(STM-SOT23-6L_V)
Add component (AddParameter): Name = "Capacitance Value"; Value = "3.5pF"; VariantName = "[No Variations]"
Add component (AddParameter): Name = "Clamping Voltage"; Value = "17V"; VariantName = "[No Variations]"
Add component (AddParameter): Name = "Clamping Voltage (Max)"; Value = "17V"; VariantName = "[No Variations]"
Add component (AddParameter): Name = "Configuration"; Value = "Dual"; VariantName = "[No Variations]"
Add component (AddParameter): Name = "Datasheet URL"; Value = "http://www.st.com/st-web-ui/static/active/en/resource/technical/document/datasheet/CD00050750.pdf"; VariantName = "[No Variations]"
Add component (AddParameter): Name = "Datasheet Version"; Value = "Rev. 5, 10/2011"; VariantName = "[No Variations]"
Add component (AddParameter): Name = "Direction Type"; Value = "Uni-Directional"; VariantName = "[No Variations]"
Add component (AddParameter): Name = "LCSC"; Value = "C7519"; VariantName = "[No Variations]"
Add component (AddParameter): Name = "Leakage Current"; Value = "0.15uA"; VariantName = "[No Variations]"
Add component (AddParameter): Name = "Leakage Current (Max)"; Value = "0.15uA"; VariantName = "[No Variations]"
Add component (AddParameter): Name = "Manufacturer"; Value = "STMicroelectronics"; VariantName = "[No Variations]"
Add component (AddParameter): Name = "Manufacturer URL"; Value = "http://www.st.com/"; VariantName = "[No Variations]"
Add component (AddParameter): Name = "Mounting"; Value = "SurfaceMount"; VariantName = "[No Variations]"
Add component (AddParameter): Name = "Mounting Style"; Value = "SurfaceMount"; VariantName = "[No Variations]"
Add component (AddParameter): Name = "Number of Elements"; Value = "1"; VariantName = "[No Variations]"
Add component (AddParameter): Name = "Operating Temp Range"; Value = "-40Cto125C"; VariantName = "[No Variations]"
Add component (AddParameter): Name = "Operating Temperature Classification"; Value = "Automotive"; VariantName = "[No Variations]"
Add component (AddParameter): Name = "Operating Temperature Max Deg. C"; Value = "125C"; VariantName = "[No Variations]"
Add component (AddParameter): Name = "Operating Temperature Min Deg. C"; Value = "-40C"; VariantName = "[No Variations]"
Add component (AddParameter): Name = "Package / Case"; Value = "SOT-23"; VariantName = "[No Variations]"
Add component (AddParameter): Name = "Package Description"; Value = "6-Pin Small Outline Transistor, Body 2.925 x 1.625 mm, Pitch 0.95 mm"; VariantName = "[No Variations]"
Add component (AddParameter): Name = "Package Reference"; Value = "SOT23-6L"; VariantName = "[No Variations]"
Add component (AddParameter): Name = "Packaging"; Value = "TapeandReel"; VariantName = "[No Variations]"
Add component (AddParameter): Name = "Peak Pulse Current"; Value = "5A"; VariantName = "[No Variations]"
Add component (AddParameter): Name = "Pin Count"; Value = "6"; VariantName = "[No Variations]"
Add component (AddParameter): Name = "Polarity"; Value = "Uni-Directional"; VariantName = "[No Variations]"
Add component (AddParameter): Name = "Product Depth (mm)"; Value = "1.75mm"; VariantName = "[No Variations]"
Add component (AddParameter): Name = "Product Height (mm)"; Value = "1.3mm"; VariantName = "[No Variations]"
Add component (AddParameter): Name = "Product Length (mm)"; Value = "3.05mm"; VariantName = "[No Variations]"
Add component (AddParameter): Name = "Rad Hardened"; Value = "No"; VariantName = "[No Variations]"
Add component (AddParameter): Name = "Reverse Breakdown Voltage"; Value = "6V"; VariantName = "[No Variations]"
Add component (AddParameter): Name = "Reverse Stand-off Voltage"; Value = "5V"; VariantName = "[No Variations]"
Add component (AddParameter): Name = "Suppressor Type"; Value = "DiodeArrays"; VariantName = "[No Variations]"
Add component (AddParameter): Name = "Test Current (It)"; Value = "1mA"; VariantName = "[No Variations]"
Add component (AddParameter): Name = "Working Voltage"; Value = "5V"; VariantName = "[No Variations]"
Add component (AddParameter): Name = "Working Voltage (Max)"; Value = "5V"; VariantName = "[No Variations]"
Added Component: Designator=D2(LED_0603_GREEN)
Add component (AddParameter): Name = "LCSC"; Value = "C72043"; VariantName = "[No Variations]"
Added Component: Designator=D3(LED_0603_BLUE)
Added Component: Designator=D4(LED_0603_RED)
Added Component: Designator=J1(TYPE-C-31-M-12)
Add component (AddParameter): Name = "LCSC"; Value = "C165948"; VariantName = "[No Variations]"
Add component (AddParameter): Name = "Manufacturer"; Value = "Koren Hroparts"; VariantName = "[No Variations]"
Add component (AddParameter): Name = "Manufacturer Part Number"; Value = "TYPE-C-31-M-12"; VariantName = "[No Variations]"
Added Component: Designator=J2(TYPE-C-31-M-12)
Add component (AddParameter): Name = "LCSC"; Value = "C165948"; VariantName = "[No Variations]"
Add component (AddParameter): Name = "Manufacturer"; Value = "Koren Hroparts"; VariantName = "[No Variations]"
Add component (AddParameter): Name = "Manufacturer Part Number"; Value = "TYPE-C-31-M-12"; VariantName = "[No Variations]"
Added Component: Designator=L1(IND_0402)
Add component (AddParameter): Name = "LCSC"; Value = "C412264"; VariantName = "[No Variations]"
Add component (AddParameter): Name = "Manufacturer"; Value = "Murata"; VariantName = "[No Variations]"
Add component (AddParameter): Name = "Manufacturer Part Number"; Value = "LQW15AN2N2G80D"; VariantName = "[No Variations]"
Added Component: Designator=L2(IND_0402)
Add component (AddParameter): Name = "LCSC"; Value = "C412264"; VariantName = "[No Variations]"
Add component (AddParameter): Name = "Manufacturer"; Value = "Murata"; VariantName = "[No Variations]"
Add component (AddParameter): Name = "Manufacturer Part Number"; Value = "LQW15AN2N2G80D"; VariantName = "[No Variations]"
Added Component: Designator=L3(IND_0402)
Add component (AddParameter): Name = "LCSC"; Value = "C412264"; VariantName = "[No Variations]"
Add component (AddParameter): Name = "Manufacturer"; Value = "Murata"; VariantName = "[No Variations]"
Add component (AddParameter): Name = "Manufacturer Part Number"; Value = "LQW15AN2N2G80D"; VariantName = "[No Variations]"
Added Component: Designator=R1(RES_0402)
Add component (AddParameter): Name = "LCSC"; Value = "C25092"; VariantName = "[No Variations]"
Add component (AddParameter): Name = "Manufacturer"; Value = "UNI-ROYAL"; VariantName = "[No Variations]"
Add component (AddParameter): Name = "Manufacturer Part Number"; Value = "0402WGF220JTCE"; VariantName = "[No Variations]"
Added Component: Designator=R2(RES_0402)
Add component (AddParameter): Name = "LCSC"; Value = "C25117"; VariantName = "[No Variations]"
Add component (AddParameter): Name = "Manufacturer"; Value = "UNI-ROYAL"; VariantName = "[No Variations]"
Add component (AddParameter): Name = "Manufacturer Part Number"; Value = "0402WGF4700TCE"; VariantName = "[No Variations]"
Added Component: Designator=R3(RES_0402)
Add component (AddParameter): Name = "LCSC"; Value = "C105873"; VariantName = "[No Variations]"
Add component (AddParameter): Name = "Manufacturer"; Value = "YAGEO"; VariantName = "[No Variations]"
Add component (AddParameter): Name = "Manufacturer Part Number"; Value = "RC0402JR-075K1L"; VariantName = "[No Variations]"
Added Component: Designator=R4(RES_0402)
Add component (AddParameter): Name = "LCSC"; Value = "C105873"; VariantName = "[No Variations]"
Add component (AddParameter): Name = "Manufacturer"; Value = "YAGEO"; VariantName = "[No Variations]"
Add component (AddParameter): Name = "Manufacturer Part Number"; Value = "RC0402JR-075K1L"; VariantName = "[No Variations]"
Added Component: Designator=R5(RES_0402)
Add component (AddParameter): Name = "LCSC"; Value = "C105873"; VariantName = "[No Variations]"
Add component (AddParameter): Name = "Manufacturer"; Value = "YAGEO"; VariantName = "[No Variations]"
Add component (AddParameter): Name = "Manufacturer Part Number"; Value = "RC0402JR-075K1L"; VariantName = "[No Variations]"
Added Component: Designator=R6(RES_0402)
Add component (AddParameter): Name = "LCSC"; Value = "C25117"; VariantName = "[No Variations]"
Add component (AddParameter): Name = "Manufacturer"; Value = "UNI-ROYAL"; VariantName = "[No Variations]"
Add component (AddParameter): Name = "Manufacturer Part Number"; Value = "0402WGF4700TCE"; VariantName = "[No Variations]"
Added Component: Designator=R7(RES_0402)
Add component (AddParameter): Name = "LCSC"; Value = "C25092"; VariantName = "[No Variations]"
Add component (AddParameter): Name = "Manufacturer"; Value = "UNI-ROYAL"; VariantName = "[No Variations]"
Add component (AddParameter): Name = "Manufacturer Part Number"; Value = "0402WGF220JTCE"; VariantName = "[No Variations]"
Added Component: Designator=R8(RES_0402)
Add component (AddParameter): Name = "LCSC"; Value = "C105873"; VariantName = "[No Variations]"
Add component (AddParameter): Name = "Manufacturer"; Value = "YAGEO"; VariantName = "[No Variations]"
Add component (AddParameter): Name = "Manufacturer Part Number"; Value = "RC0402JR-075K1L"; VariantName = "[No Variations]"
Added Component: Designator=R9(RES_0402)
Add component (AddParameter): Name = "LCSC"; Value = "C105873"; VariantName = "[No Variations]"
Add component (AddParameter): Name = "Manufacturer"; Value = "YAGEO"; VariantName = "[No Variations]"
Add component (AddParameter): Name = "Manufacturer Part Number"; Value = "RC0402JR-075K1L"; VariantName = "[No Variations]"
Added Component: Designator=R10(RES_0402)
Add component (AddParameter): Name = "LCSC"; Value = "C105873"; VariantName = "[No Variations]"
Add component (AddParameter): Name = "Manufacturer"; Value = "YAGEO"; VariantName = "[No Variations]"
Add component (AddParameter): Name = "Manufacturer Part Number"; Value = "RC0402JR-075K1L"; VariantName = "[No Variations]"
Added Component: Designator=R11(RES_0402)
Add component (AddParameter): Name = "LCSC"; Value = "C25117"; VariantName = "[No Variations]"
Add component (AddParameter): Name = "Manufacturer"; Value = "UNI-ROYAL"; VariantName = "[No Variations]"
Add component (AddParameter): Name = "Manufacturer Part Number"; Value = "0402WGF4700TCE"; VariantName = "[No Variations]"
Added Component: Designator=R12(RES_0402)
Add component (AddParameter): Name = "LCSC"; Value = "C25117"; VariantName = "[No Variations]"
Add component (AddParameter): Name = "Manufacturer"; Value = "UNI-ROYAL"; VariantName = "[No Variations]"
Add component (AddParameter): Name = "Manufacturer Part Number"; Value = "0402WGF4700TCE"; VariantName = "[No Variations]"
Added Component: Designator=R13(RES_0402)
Add component (AddParameter): Name = "LCSC"; Value = "C25117"; VariantName = "[No Variations]"
Add component (AddParameter): Name = "Manufacturer"; Value = "UNI-ROYAL"; VariantName = "[No Variations]"
Add component (AddParameter): Name = "Manufacturer Part Number"; Value = "0402WGF4700TCE"; VariantName = "[No Variations]"
Added Component: Designator=SW1(SKRPANE010)
Add component (AddParameter): Name = "LCSC"; Value = "C470426"; VariantName = "[No Variations]"
Add component (AddParameter): Name = "Manufacturer"; Value = "Alps Alpine"; VariantName = "[No Variations]"
Add component (AddParameter): Name = "Manufacturer Part Number"; Value = "SKRPANE010"; VariantName = "[No Variations]"
Added Component: Designator=SW2(SS-5GL1131-3)
Added Component: Designator=U1(USON-8-2X3MM)
Add component (AddParameter): Name = "LCSC"; Value = "C2843335"; VariantName = "[No Variations]"
Add component (AddParameter): Name = "Manufacturer"; Value = "Winbond"; VariantName = "[No Variations]"
Add component (AddParameter): Name = "Manufacturer Part Number"; Value = "W25Q16JVUXIQ"; VariantName = "[No Variations]"
Added Component: Designator=U2(QFN32-5x5)
Add component (AddParameter): Name = "LCSC"; Value = "C2838500"; VariantName = "[No Variations]"
Add component (AddParameter): Name = "Manufacturer"; Value = "Espressif"; VariantName = "[No Variations]"
Add component (AddParameter): Name = "Manufacturer Part Number"; Value = "ESP32-C3"; VariantName = "[No Variations]"
Added Component: Designator=U3(SOT-23-5)
Add component (AddParameter): Name = "LCSC"; Value = "C9055"; VariantName = "[No Variations]"
Add component (AddParameter): Name = "Manufacturer"; Value = "MaxLinear"; VariantName = "[No Variations]"
Add component (AddParameter): Name = "Manufacturer Part Number"; Value = "SPX3819M5-L-3-3/TR"; VariantName = "[No Variations]"
Added Component: Designator=X1(XTAL_2520)
Add component (AddParameter): Name = "Frequency"; Value = "40MHz"; VariantName = "[No Variations]"
Add component (AddParameter): Name = "LCSC"; Value = "C255973"; VariantName = "[No Variations]"
Add component (AddParameter): Name = "Manufacturer"; Value = "Seiko Epson"; VariantName = "[No Variations]"
Add component (AddParameter): Name = "Manufacturer Number"; Value = "Q24FA20H0020900"; VariantName = "[No Variations]"
Added Pin To Net: NetName=+3V3_RF Pin=C6-2
Added Pin To Net: NetName=+3V3_RF Pin=L1-2
Added Pin To Net: NetName=+3V3_RF Pin=U2-2
Added Pin To Net: NetName=+3V3_RF Pin=U2-3
Added Net: Name=+3V3_RF
Added Pin To Net: NetName=+3V3 Pin=C2-2
Added Pin To Net: NetName=+3V3 Pin=C3-2
Added Pin To Net: NetName=+3V3 Pin=C4-2
Added Pin To Net: NetName=+3V3 Pin=C5-2
Added Pin To Net: NetName=+3V3 Pin=C7-2
Added Pin To Net: NetName=+3V3 Pin=C8-2
Added Pin To Net: NetName=+3V3 Pin=C18-2
Added Pin To Net: NetName=+3V3 Pin=D2-A
Added Pin To Net: NetName=+3V3 Pin=L1-1
Added Pin To Net: NetName=+3V3 Pin=R3-1
Added Pin To Net: NetName=+3V3 Pin=R4-1
Added Pin To Net: NetName=+3V3 Pin=R5-2
Added Pin To Net: NetName=+3V3 Pin=R10-2
Added Pin To Net: NetName=+3V3 Pin=U2-11
Added Pin To Net: NetName=+3V3 Pin=U2-17
Added Pin To Net: NetName=+3V3 Pin=U2-31
Added Pin To Net: NetName=+3V3 Pin=U2-32
Added Pin To Net: NetName=+3V3 Pin=U3-5
Added Net: Name=+3V3
Added Pin To Net: NetName=+VBUS_FILT Pin=C16-2
Added Pin To Net: NetName=+VBUS_FILT Pin=C17-2
Added Pin To Net: NetName=+VBUS_FILT Pin=L3-1
Added Pin To Net: NetName=+VBUS_FILT Pin=U3-1
Added Pin To Net: NetName=+VBUS_FILT Pin=U3-3
Added Net: Name=+VBUS_FILT
Added Pin To Net: NetName=+VBUS Pin=C15-2
Added Pin To Net: NetName=+VBUS Pin=D1-5
Added Pin To Net: NetName=+VBUS Pin=J1-A4B9
Added Pin To Net: NetName=+VBUS Pin=J1-B4A9
Added Pin To Net: NetName=+VBUS Pin=J2-A4B9
Added Pin To Net: NetName=+VBUS Pin=J2-B4A9
Added Pin To Net: NetName=+VBUS Pin=L3-2
Added Net: Name=+VBUS
Added Pin To Net: NetName=+VCC_SPI Pin=C1-2
Added Pin To Net: NetName=+VCC_SPI Pin=C9-2
Added Pin To Net: NetName=+VCC_SPI Pin=U1-8
Added Pin To Net: NetName=+VCC_SPI Pin=U2-18
Added Net: Name=+VCC_SPI
Added Pin To Net: NetName=ANT_RF Pin=ANT1-1
Added Pin To Net: NetName=ANT_RF Pin=ANT1-1
Added Pin To Net: NetName=ANT_RF Pin=ANT1-1
Added Pin To Net: NetName=ANT_RF Pin=ANT1-1
Added Pin To Net: NetName=ANT_RF Pin=ANT1-1
Added Pin To Net: NetName=ANT_RF Pin=ANT1-1
Added Pin To Net: NetName=ANT_RF Pin=ANT1-1
Added Pin To Net: NetName=ANT_RF Pin=ANT1-1
Added Pin To Net: NetName=ANT_RF Pin=ANT1-1
Added Pin To Net: NetName=ANT_RF Pin=ANT1-1
Added Pin To Net: NetName=ANT_RF Pin=ANT1-1
Added Pin To Net: NetName=ANT_RF Pin=C11-2
Added Pin To Net: NetName=ANT_RF Pin=L2-1
Added Net: Name=ANT_RF
Added Pin To Net: NetName=CHIP_EN Pin=C14-2
Added Pin To Net: NetName=CHIP_EN Pin=R5-1
Added Pin To Net: NetName=CHIP_EN Pin=SW1-34
Added Pin To Net: NetName=CHIP_EN Pin=SW1-34
Added Pin To Net: NetName=CHIP_EN Pin=U2-7
Added Net: Name=CHIP_EN
Added Pin To Net: NetName=FSPI_CLK Pin=R1-1
Added Net: Name=FSPI_CLK
Added Pin To Net: NetName=FSPI_D Pin=U2-13
Added Net: Name=FSPI_D
Added Pin To Net: NetName=FSPI_NCS2 Pin=R3-2
Added Pin To Net: NetName=FSPI_NCS2 Pin=U2-14
Added Net: Name=FSPI_NCS2
Added Pin To Net: NetName=FSPI_NCS Pin=U2-16
Added Net: Name=FSPI_NCS
Added Pin To Net: NetName=FSPI_Q Pin=R4-2
Added Pin To Net: NetName=FSPI_Q Pin=U2-6
Added Net: Name=FSPI_Q
Added Pin To Net: NetName=GND Pin=ANT1-2
Added Pin To Net: NetName=GND Pin=C1-1
Added Pin To Net: NetName=GND Pin=C2-1
Added Pin To Net: NetName=GND Pin=C3-1
Added Pin To Net: NetName=GND Pin=C4-1
Added Pin To Net: NetName=GND Pin=C5-1
Added Pin To Net: NetName=GND Pin=C6-1
Added Pin To Net: NetName=GND Pin=C7-1
Added Pin To Net: NetName=GND Pin=C8-1
Added Pin To Net: NetName=GND Pin=C9-1
Added Pin To Net: NetName=GND Pin=C10-1
Added Pin To Net: NetName=GND Pin=C11-1
Added Pin To Net: NetName=GND Pin=C12-1
Added Pin To Net: NetName=GND Pin=C13-1
Added Pin To Net: NetName=GND Pin=C14-1
Added Pin To Net: NetName=GND Pin=C15-1
Added Pin To Net: NetName=GND Pin=C16-1
Added Pin To Net: NetName=GND Pin=C17-1
Added Pin To Net: NetName=GND Pin=C18-1
Added Pin To Net: NetName=GND Pin=C19-1
Added Pin To Net: NetName=GND Pin=C20-1
Added Pin To Net: NetName=GND Pin=D1-2
Added Pin To Net: NetName=GND Pin=J1-A1B12
Added Pin To Net: NetName=GND Pin=J1-B1A12
Added Pin To Net: NetName=GND Pin=J2-A1B12
Added Pin To Net: NetName=GND Pin=J2-B1A12
Added Pin To Net: NetName=GND Pin=R8-2
Added Pin To Net: NetName=GND Pin=R9-2
Added Pin To Net: NetName=GND Pin=R11-1
Added Pin To Net: NetName=GND Pin=R12-1
Added Pin To Net: NetName=GND Pin=R13-1
Added Pin To Net: NetName=GND Pin=SW1-12
Added Pin To Net: NetName=GND Pin=SW1-12
Added Pin To Net: NetName=GND Pin=SW2-2
Added Pin To Net: NetName=GND Pin=U1-4
Added Pin To Net: NetName=GND Pin=U1-9
Added Pin To Net: NetName=GND Pin=U2-33
Added Pin To Net: NetName=GND Pin=U3-2
Added Pin To Net: NetName=GND Pin=X1-2
Added Pin To Net: NetName=GND Pin=X1-4
Added Net: Name=GND
Added Pin To Net: NetName=GPIO9 Pin=C19-2
Added Pin To Net: NetName=GPIO9 Pin=R10-1
Added Pin To Net: NetName=GPIO9 Pin=SW2-1
Added Pin To Net: NetName=GPIO9 Pin=U2-15
Added Net: Name=GPIO9
Added Pin To Net: NetName=INT_ACC Pin=U2-10
Added Net: Name=INT_ACC
Added Pin To Net: NetName=LDO_BYP Pin=C20-2
Added Pin To Net: NetName=LDO_BYP Pin=U3-4
Added Net: Name=LDO_BYP
Added Pin To Net: NetName=LED_3V3_K Pin=D2-K
Added Pin To Net: NetName=LED_3V3_K Pin=R11-2
Added Net: Name=LED_3V3_K
Added Pin To Net: NetName=LED_A_K Pin=D3-K
Added Pin To Net: NetName=LED_A_K Pin=R12-2
Added Net: Name=LED_A_K
Added Pin To Net: NetName=LED_A Pin=D3-A
Added Pin To Net: NetName=LED_A Pin=U2-8
Added Net: Name=LED_A
Added Pin To Net: NetName=LED_B_K Pin=D4-K
Added Pin To Net: NetName=LED_B_K Pin=R13-2
Added Net: Name=LED_B_K
Added Pin To Net: NetName=LED_B Pin=D4-A
Added Pin To Net: NetName=LED_B Pin=U2-9
Added Net: Name=LED_B
Added Pin To Net: NetName=LNA_IN Pin=C10-2
Added Pin To Net: NetName=LNA_IN Pin=L2-2
Added Pin To Net: NetName=LNA_IN Pin=U2-1
Added Net: Name=LNA_IN
Added Pin To Net: NetName=MCU_FSPICLK Pin=R1-2
Added Pin To Net: NetName=MCU_FSPICLK Pin=U2-12
Added Net: Name=MCU_FSPICLK
Added Pin To Net: NetName=MCU_UART0_RX Pin=R2-2
Added Pin To Net: NetName=MCU_UART0_RX Pin=U2-27
Added Net: Name=MCU_UART0_RX
Added Pin To Net: NetName=MCU_UART0_TX Pin=R6-2
Added Pin To Net: NetName=MCU_UART0_TX Pin=U2-28
Added Net: Name=MCU_UART0_TX
Added Pin To Net: NetName=MCU_USB_D_N Pin=D1-3
Added Pin To Net: NetName=MCU_USB_D_N Pin=U2-25
Added Net: Name=MCU_USB_D_N
Added Pin To Net: NetName=MCU_USB_D_P Pin=D1-1
Added Pin To Net: NetName=MCU_USB_D_P Pin=U2-26
Added Net: Name=MCU_USB_D_P
Added Pin To Net: NetName=SPI_CLK Pin=U1-6
Added Pin To Net: NetName=SPI_CLK Pin=U2-22
Added Net: Name=SPI_CLK
Added Pin To Net: NetName=SPI_DI Pin=U1-5
Added Pin To Net: NetName=SPI_DI Pin=U2-23
Added Net: Name=SPI_DI
Added Pin To Net: NetName=SPI_DO Pin=U1-2
Added Pin To Net: NetName=SPI_DO Pin=U2-24
Added Net: Name=SPI_DO
Added Pin To Net: NetName=SPI_NCS Pin=U1-1
Added Pin To Net: NetName=SPI_NCS Pin=U2-21
Added Net: Name=SPI_NCS
Added Pin To Net: NetName=SPI_NHLD Pin=U1-7
Added Pin To Net: NetName=SPI_NHLD Pin=U2-19
Added Net: Name=SPI_NHLD
Added Pin To Net: NetName=SPI_NWP Pin=U1-3
Added Pin To Net: NetName=SPI_NWP Pin=U2-20
Added Net: Name=SPI_NWP
Added Pin To Net: NetName=UART0_RX Pin=R2-1
Added Net: Name=UART0_RX
Added Pin To Net: NetName=UART0_TX Pin=R6-1
Added Net: Name=UART0_TX
Added Pin To Net: NetName=USB_A5 Pin=J1-A5
Added Pin To Net: NetName=USB_A5 Pin=J2-A5
Added Pin To Net: NetName=USB_A5 Pin=R9-1
Added Net: Name=USB_A5
Added Pin To Net: NetName=USB_B5 Pin=J1-B5
Added Pin To Net: NetName=USB_B5 Pin=J2-B5
Added Pin To Net: NetName=USB_B5 Pin=R8-1
Added Net: Name=USB_B5
Added Pin To Net: NetName=USB_D_N Pin=D1-4
Added Pin To Net: NetName=USB_D_N Pin=J1-A7
Added Pin To Net: NetName=USB_D_N Pin=J1-B7
Added Pin To Net: NetName=USB_D_N Pin=J2-A7
Added Pin To Net: NetName=USB_D_N Pin=J2-B7
Added Net: Name=USB_D_N
Added Pin To Net: NetName=USB_D_P Pin=D1-6
Added Pin To Net: NetName=USB_D_P Pin=J1-A6
Added Pin To Net: NetName=USB_D_P Pin=J1-B6
Added Pin To Net: NetName=USB_D_P Pin=J2-A6
Added Pin To Net: NetName=USB_D_P Pin=J2-B6
Added Net: Name=USB_D_P
Added Pin To Net: NetName=XTAL_IN Pin=C12-2
Added Pin To Net: NetName=XTAL_IN Pin=R7-2
Added Pin To Net: NetName=XTAL_IN Pin=X1-3
Added Net: Name=XTAL_IN
Added Pin To Net: NetName=XTAL_N Pin=C13-2
Added Pin To Net: NetName=XTAL_N Pin=U2-29
Added Pin To Net: NetName=XTAL_N Pin=X1-1
Added Net: Name=XTAL_N
Added Pin To Net: NetName=XTAL_P Pin=R7-1
Added Pin To Net: NetName=XTAL_P Pin=U2-30
Added Net: Name=XTAL_P
Added Class: Name=E1811SENSE_1
Added Differential Pair: Name=MCU_USB_D
Added Differential Pair: Name=USB_D
Added Room: Name=E1811SENSE_1
Added Class: Name=DIFF_USB
