Change Component Designator: Old Designator=* New Designator=*1
Change Component Designator: Old Designator=C3 New Designator=C4
Change Component Designator: Old Designator=C4 New Designator=C5
Change Component Designator: Old Designator=C5 New Designator=C6
Change Component Designator: Old Designator=C6 New Designator=C7
Change Component Designator: Old Designator=C7 New Designator=C8
Change Component Designator: Old Designator=C8 New Designator=C9
Change Component Designator: Old Designator=C? New Designator=C1
Change Component Designator: Old Designator=C? New Designator=C2
Change Component Designator: Old Designator=C? New Designator=C3
Change Component Designator: Old Designator=J2 New Designator=J1
Change Component Designator: Old Designator=J4 New Designator=J7
Change Component Designator: Old Designator=J5 New Designator=J2
Change Component Designator: Old Designator=J6 New Designator=J5
Change Component Designator: Old Designator=J7 New Designator=J4
Change Component Designator: Old Designator=J8 New Designator=J6
Change Component Designator: Old Designator=J9 New Designator=J8
Change Component Designator: Old Designator=L? New Designator=L1
Change Component Designator: Old Designator=R7 New Designator=R1
Change Component Designator: Old Designator=R10 New Designator=R5
Change Component Designator: Old Designator=R13 New Designator=R2
Change Component Designator: Old Designator=R14 New Designator=R3
Change Component Designator: Old Designator=R15 New Designator=R4
Change Component Designator: Old Designator=R16 New Designator=R6
Change Component Designator: Old Designator=R17 New Designator=R7
Change Component Designator: Old Designator=R18 New Designator=R8
Change Component Designator: Old Designator=R19 New Designator=R9
Change Component Designator: Old Designator=U1 New Designator=U2
Change Component Designator: Old Designator=U? New Designator=U1
